#
# There is insufficient memory for the Java Runtime Environment to continue.
# Native memory allocation (malloc) failed to allocate 1048576 bytes for AllocateHeap
# Possible reasons:
#   The system is out of physical RAM or swap space
#   In 32 bit mode, the process size limit was hit
# Possible solutions:
#   Reduce memory load on the system
#   Increase physical memory or swap space
#   Check if swap backing store is full
#   Use 64 bit Java on a 64 bit OS
#   Decrease Java heap size (-Xmx/-Xms)
#   Decrease number of Java threads
#   Decrease Java thread stack sizes (-Xss)
#   Set larger code cache with -XX:ReservedCodeCacheSize=
# This output file may be truncated or incomplete.
#
#  Out of Memory Error (memory/allocation.inline.hpp:62), pid=10476, tid=3508
#
# JRE version:  (8.0_25-b18) (build )
# Java VM: Java HotSpot(TM) 64-Bit Server VM (25.25-b02 mixed mode windows-amd64 compressed oops)
# Failed to write core dump. Minidumps are not enabled by default on client versions of Windows
#

---------------  T H R E A D  ---------------

Current thread (0x0000000002251000):  JavaThread "Unknown thread" [_thread_in_vm, id=3508, stack(0x0000000002150000,0x0000000002250000)]

Stack: [0x0000000002150000,0x0000000002250000]
Native frames: (J=compiled Java code, j=interpreted, Vv=VM code, C=native code)
V  [jvm.dll+0x31667a]
V  [jvm.dll+0x267073]
V  [jvm.dll+0x267cb3]
V  [jvm.dll+0x25f5b5]
V  [jvm.dll+0x25e60f]
V  [jvm.dll+0x3d616c]
V  [jvm.dll+0x3d1967]
V  [jvm.dll+0xe53f2]
V  [jvm.dll+0x1f9b19]
V  [jvm.dll+0x22b2e4]
V  [jvm.dll+0x14d571]
C  [java.exe+0x20b6]
C  [java.exe+0xc9bb]
C  [java.exe+0xca4f]
C  [KERNEL32.DLL+0x18102]
C  [ntdll.dll+0x5c2e4]


---------------  P R O C E S S  ---------------

Java Threads: ( => current thread )

Other Threads:

=>0x0000000002251000 (exited) JavaThread "Unknown thread" [_thread_in_vm, id=3508, stack(0x0000000002150000,0x0000000002250000)]

VM state:not at safepoint (normal execution)

VM Mutex/Monitor currently owned by a thread: None

Heap:
 PSYoungGen      total 38400K, used 665K [0x00000000d5b00000, 0x00000000d8580000, 0x0000000100000000)
  eden space 33280K, 2% used [0x00000000d5b00000,0x00000000d5ba6670,0x00000000d7b80000)
  from space 5120K, 0% used [0x00000000d8080000,0x00000000d8080000,0x00000000d8580000)
  to   space 5120K, 0% used [0x00000000d7b80000,0x00000000d7b80000,0x00000000d8080000)
 ParOldGen       total 87552K, used 0K [0x0000000081000000, 0x0000000086580000, 0x00000000d5b00000)
  object space 87552K, 0% used [0x0000000081000000,0x0000000081000000,0x0000000086580000)
 Metaspace       used 674K, capacity 4480K, committed 4480K, reserved 1056768K
  class space    used 66K, capacity 384K, committed 384K, reserved 1048576K

Card table byte_map: [0x0000000011710000,0x0000000011b10000] byte_map_base: 0x0000000011308000

Marking Bits: (ParMarkBitMap*) 0x000000006483d490
 Begin Bits: [0x00000000125c0000, 0x0000000014580000)
 End Bits:   [0x0000000014580000, 0x0000000016540000)

Polling page: 0x00000000020c0000

CodeCache: size=245760Kb used=327Kb max_used=327Kb free=245432Kb
 bounds [0x0000000002350000, 0x00000000025c0000, 0x0000000011350000]
 total_blobs=56 nmethods=0 adapters=37
 compilation: enabled

Compilation events (0 events):
No events

GC Heap History (0 events):
No events

Deoptimization events (0 events):
No events

Internal exceptions (0 events):
No events

Events (10 events):
Event: 0.014 loading class java/lang/Short
Event: 0.014 loading class java/lang/Short done
Event: 0.014 loading class java/lang/Integer
Event: 0.014 loading class java/lang/Integer done
Event: 0.014 loading class java/lang/Long
Event: 0.014 loading class java/lang/Long done
Event: 0.014 loading class java/lang/NullPointerException
Event: 0.014 loading class java/lang/NullPointerException done
Event: 0.014 loading class java/lang/ArithmeticException
Event: 0.014 loading class java/lang/ArithmeticException done


Dynamic libraries:
0x00007ff609650000 - 0x00007ff609684000 	C:\Program Files\Java\jdk1.8.0_25\bin\java.exe
0x00007ff8d6280000 - 0x00007ff8d6441000 	C:\WINDOWS\SYSTEM32\ntdll.dll
0x00007ff8d5f70000 - 0x00007ff8d601d000 	C:\WINDOWS\system32\KERNEL32.DLL
0x00007ff8d3400000 - 0x00007ff8d35e8000 	C:\WINDOWS\system32\KERNELBASE.dll
0x00007ff8d61d0000 - 0x00007ff8d6277000 	C:\WINDOWS\system32\ADVAPI32.dll
0x00007ff8d36e0000 - 0x00007ff8d377d000 	C:\WINDOWS\system32\msvcrt.dll
0x00007ff8d3780000 - 0x00007ff8d37db000 	C:\WINDOWS\system32\sechost.dll
0x00007ff8d5a30000 - 0x00007ff8d5b4c000 	C:\WINDOWS\system32\RPCRT4.dll
0x00007ff8d5730000 - 0x00007ff8d5886000 	C:\WINDOWS\system32\USER32.dll
0x00007ff8d37e0000 - 0x00007ff8d3966000 	C:\WINDOWS\system32\GDI32.dll
0x00007ff8cc0e0000 - 0x00007ff8cc354000 	C:\WINDOWS\WinSxS\amd64_microsoft.windows.common-controls_6595b64144ccf1df_6.0.10586.0_none_8c15ae12515e1c22\COMCTL32.dll
0x00007ff8d5cf0000 - 0x00007ff8d5f6d000 	C:\WINDOWS\system32\combase.dll
0x00007ff8d35f0000 - 0x00007ff8d365a000 	C:\WINDOWS\system32\bcryptPrimitives.dll
0x00007ff8d36a0000 - 0x00007ff8d36db000 	C:\WINDOWS\system32\IMM32.DLL
0x0000000063a40000 - 0x0000000063b12000 	C:\Program Files\Java\jdk1.8.0_25\jre\bin\msvcr100.dll
0x0000000064060000 - 0x00000000648ba000 	C:\Program Files\Java\jdk1.8.0_25\jre\bin\server\jvm.dll
0x00007ff8d3690000 - 0x00007ff8d3698000 	C:\WINDOWS\system32\PSAPI.DLL
0x00007ff8ca010000 - 0x00007ff8ca019000 	C:\WINDOWS\SYSTEM32\WSOCK32.dll
0x00007ff8d1050000 - 0x00007ff8d1073000 	C:\WINDOWS\SYSTEM32\WINMM.dll
0x00007ff8d5b70000 - 0x00007ff8d5bdb000 	C:\WINDOWS\system32\WS2_32.dll
0x00007ff8d0ff0000 - 0x00007ff8d101c000 	C:\WINDOWS\SYSTEM32\WINMMBASE.dll
0x00007ff8d2c10000 - 0x00007ff8d2c53000 	C:\WINDOWS\system32\cfgmgr32.dll
0x0000000064050000 - 0x000000006405f000 	C:\Program Files\Java\jdk1.8.0_25\jre\bin\verify.dll
0x0000000064020000 - 0x0000000064048000 	C:\Program Files\Java\jdk1.8.0_25\jre\bin\java.dll
0x0000000064000000 - 0x0000000064016000 	C:\Program Files\Java\jdk1.8.0_25\jre\bin\zip.dll
0x00007ff8bd410000 - 0x00007ff8bd59c000 	C:\WINDOWS\SYSTEM32\dbghelp.dll

VM Arguments:
java_command: <unknown>
java_class_path (initial): .
Launcher Type: SUN_STANDARD

Environment Variables:
JAVA_HOME=C:\Program Files\Java\jdk1.8.0_25\
PATH=C:\WINDOWS\System32\Wbem;C:\WINDOWS;C:\WINDOWS\system32;C:\Program Files (x86)\iis express\PHP\v5.4;C:\ProgramData\Oracle\Java\javapath;C:\Program Files\Java\jdk1.8.0_25\bin;C:\Program Files (x86)\Intel\iCLS Client\;C:\Program Files\Intel\iCLS Client\;C:\Windows\system32;C:\Windows;C:\Windows\System32\Wbem;C:\Windows\System32\WindowsPowerShell\v1.0\;C:\Program Files\Intel\Intel(R) Management Engine Components\DAL;C:\Program Files (x86)\Intel\Intel(R) Management Engine Components\DAL;C:\Program Files\Intel\Intel(R) Management Engine Components\IPT;C:\Program Files (x86)\Intel\Intel(R) Management Engine Components\IPT;C:\Program Files (x86)\ATI Technologies\ATI.ACE\Core-Static;C:\Program Files (x86)\AMD\ATI.ACE\Core-Static;C:\Program Files\nodejs\;C:\Program Files (x86)\Heroku\bin;C:\Program Files (x86)\git\cmd;C:\Program Files (x86)\Git\cmd;C:\Program Files\Microsoft SQL Server\110\Tools\Binn\;C:\Program Files\Microsoft SQL Server\120\Tools\Binn\;C:\Program Files (x86)\Windows Kits\8.1\Windows Performance Toolkit\;C:\Program Files (x86)\Microsoft SDKs\TypeScript\1.;C:\Program Files\MySQL\MySQL Server 5.1\bin;C:\ProgramData\ComposerSetup\bin;C:\Windows\Microsoft.NET\Framework\v4.0.30319;C:\Program Files (x86)\Microsoft Visual Studio 12.0\Common7\IDE;C:\Program Files (x86)\Skype\Phone\;C:\WINDOWS\System32\WindowsPowerShell\v1.0\;C:\Program Files (x86)\Java\jdk1.8.0_65\bin
USERNAME=mliew
OS=Windows_NT
PROCESSOR_IDENTIFIER=Intel64 Family 6 Model 60 Stepping 3, GenuineIntel



---------------  S Y S T E M  ---------------

OS: Windows 8.1 , 64 bit Build 9600 

CPU:total 8 (4 cores per cpu, 2 threads per core) family 6 model 60 stepping 3, cmov, cx8, fxsr, mmx, sse, sse2, sse3, ssse3, sse4.1, sse4.2, popcnt, avx, avx2, aes, clmul, erms, lzcnt, ht, tsc, tscinvbit, bmi1, bmi2

Memory: 4k page, physical 8322064k(1010716k free), swap 13121052k(1124k free)

vm_info: Java HotSpot(TM) 64-Bit Server VM (25.25-b02) for windows-amd64 JRE (1.8.0_25-b18), built on Oct  7 2014 14:25:37 by "java_re" with MS VC++ 10.0 (VS2010)

time: Wed Jan 20 14:27:52 2016
elapsed time: 0 seconds (0d 0h 0m 0s)

