#
# There is insufficient memory for the Java Runtime Environment to continue.
# Native memory allocation (malloc) failed to allocate 1000336 bytes for Chunk::new
# Possible reasons:
#   The system is out of physical RAM or swap space
#   In 32 bit mode, the process size limit was hit
# Possible solutions:
#   Reduce memory load on the system
#   Increase physical memory or swap space
#   Check if swap backing store is full
#   Use 64 bit Java on a 64 bit OS
#   Decrease Java heap size (-Xmx/-Xms)
#   Decrease number of Java threads
#   Decrease Java thread stack sizes (-Xss)
#   Set larger code cache with -XX:ReservedCodeCacheSize=
# This output file may be truncated or incomplete.
#
#  Out of Memory Error (allocation.cpp:390), pid=3716, tid=6176
#
# JRE version: Java(TM) SE Runtime Environment (8.0_25-b18) (build 1.8.0_25-b18)
# Java VM: Java HotSpot(TM) 64-Bit Server VM (25.25-b02 mixed mode windows-amd64 compressed oops)
# Failed to write core dump. Minidumps are not enabled by default on client versions of Windows
#

---------------  T H R E A D  ---------------

Current thread (0x0000000016e8d800):  JavaThread "C2 CompilerThread2" daemon [_thread_in_native, id=6176, stack(0x0000000017660000,0x0000000017760000)]

Stack: [0x0000000017660000,0x0000000017760000]
Native frames: (J=compiled Java code, j=interpreted, Vv=VM code, C=native code)
V  [jvm.dll+0x31667a]
V  [jvm.dll+0x267073]
V  [jvm.dll+0x267cb3]
V  [jvm.dll+0x25f5b5]
V  [jvm.dll+0xbf165]
V  [jvm.dll+0xbf60c]
V  [jvm.dll+0x478fbc]
V  [jvm.dll+0x4462a4]
V  [jvm.dll+0x45130e]
V  [jvm.dll+0x4538f8]
V  [jvm.dll+0x437372]
V  [jvm.dll+0x98a02]
V  [jvm.dll+0x991f3]
V  [jvm.dll+0x22bde4]
V  [jvm.dll+0x2852fa]
C  [msvcr100.dll+0x21d9f]
C  [msvcr100.dll+0x21e3b]
C  [KERNEL32.DLL+0x18102]
C  [ntdll.dll+0x5c2e4]


Current CompileTask:
C2: 113416 10055 %     4       org.objectweb.asm.ClassReader::accept @ 3884 (5770 bytes)


---------------  P R O C E S S  ---------------

Java Threads: ( => current thread )
  0x000000001bfbe800 JavaThread "stdout" [_thread_in_native, id=8608, stack(0x0000000024e60000,0x0000000024f60000)]
  0x000000001bfc5800 JavaThread "stderr" [_thread_in_native, id=10792, stack(0x0000000024d60000,0x0000000024e60000)]
  0x000000001bfc1800 JavaThread "pool-5-thread-1" [_thread_blocked, id=228, stack(0x0000000024460000,0x0000000024560000)]
  0x000000001ce83800 JavaThread "Stdin handler" [_thread_blocked, id=9852, stack(0x0000000024360000,0x0000000024460000)]
  0x000000001ce82000 JavaThread "Cancel handler" [_thread_blocked, id=3288, stack(0x0000000024260000,0x0000000024360000)]
  0x000000001ce85800 JavaThread "Handler for socket connection from /127.0.0.1:61623 to /127.0.0.1:61816" [_thread_in_native, id=1884, stack(0x0000000024160000,0x0000000024260000)]
  0x0000000018f89800 JavaThread "File lock request listener" [_thread_in_native, id=7548, stack(0x000000001a4b0000,0x000000001a5b0000)]
  0x0000000018738000 JavaThread "Daemon worker" [_thread_blocked, id=11712, stack(0x0000000019cb0000,0x0000000019db0000)]
  0x000000001872b000 JavaThread "Daemon" [_thread_blocked, id=11656, stack(0x00000000199b0000,0x0000000019ab0000)]
  0x00000000185f2800 JavaThread "Incoming local TCP Connector on port 61623" [_thread_in_native, id=6132, stack(0x0000000019650000,0x0000000019750000)]
  0x0000000016f24000 JavaThread "Service Thread" daemon [_thread_blocked, id=5416, stack(0x0000000017860000,0x0000000017960000)]
  0x0000000016e93800 JavaThread "C1 CompilerThread3" daemon [_thread_blocked, id=6884, stack(0x0000000017760000,0x0000000017860000)]
=>0x0000000016e8d800 JavaThread "C2 CompilerThread2" daemon [_thread_in_native, id=6176, stack(0x0000000017660000,0x0000000017760000)]
  0x0000000016e8b000 JavaThread "C2 CompilerThread1" daemon [_thread_in_native, id=7008, stack(0x0000000017560000,0x0000000017660000)]
  0x0000000016e89000 JavaThread "C2 CompilerThread0" daemon [_thread_in_native, id=11004, stack(0x0000000017460000,0x0000000017560000)]
  0x0000000016e86800 JavaThread "Attach Listener" daemon [_thread_blocked, id=9136, stack(0x0000000017360000,0x0000000017460000)]
  0x0000000016e85800 JavaThread "Signal Dispatcher" daemon [_thread_blocked, id=10720, stack(0x0000000017260000,0x0000000017360000)]
  0x0000000014e8c800 JavaThread "Finalizer" daemon [_thread_blocked, id=12272, stack(0x0000000016d60000,0x0000000016e60000)]
  0x0000000002363800 JavaThread "Reference Handler" daemon [_thread_blocked, id=4108, stack(0x0000000016c60000,0x0000000016d60000)]
  0x0000000002272800 JavaThread "main" [_thread_blocked, id=9800, stack(0x0000000002170000,0x0000000002270000)]

Other Threads:
  0x0000000014e88000 VMThread [stack: 0x0000000016b60000,0x0000000016c60000] [id=10604]
  0x0000000016f29000 WatcherThread [stack: 0x0000000017960000,0x0000000017a60000] [id=12036]

VM state:not at safepoint (normal execution)

VM Mutex/Monitor currently owned by a thread: None

Heap:
 PSYoungGen      total 293376K, used 219328K [0x00000000eab00000, 0x0000000100000000, 0x0000000100000000)
  eden space 247808K, 71% used [0x00000000eab00000,0x00000000f59191c0,0x00000000f9d00000)
  from space 45568K, 90% used [0x00000000fd280000,0x00000000ffa96fe8,0x00000000fff00000)
  to   space 50688K, 0% used [0x00000000f9d00000,0x00000000f9d00000,0x00000000fce80000)
 ParOldGen       total 176128K, used 82708K [0x00000000c0000000, 0x00000000cac00000, 0x00000000eab00000)
  object space 176128K, 46% used [0x00000000c0000000,0x00000000c50c51f0,0x00000000cac00000)
 Metaspace       used 85515K, capacity 91223K, committed 91520K, reserved 1126400K
  class space    used 11657K, capacity 13674K, committed 13696K, reserved 1048576K

Card table byte_map: [0x0000000011730000,0x0000000011940000] byte_map_base: 0x0000000011130000

Marking Bits: (ParMarkBitMap*) 0x000000006483d490
 Begin Bits: [0x00000000122a0000, 0x00000000132a0000)
 End Bits:   [0x00000000132a0000, 0x00000000142a0000)

Polling page: 0x0000000000890000

CodeCache: size=245760Kb used=31588Kb max_used=31615Kb free=214171Kb
 bounds [0x0000000002370000, 0x0000000004270000, 0x0000000011370000]
 total_blobs=9391 nmethods=8675 adapters=628
 compilation: enabled

Compilation events (10 events):
Event: 113.295 Thread 0x0000000016e93800 10141       2       org.gradle.messaging.dispatch.MethodInvocation::<init> (25 bytes)
Event: 113.295 Thread 0x0000000016e93800 nmethod 10141 0x000000000425ac10 code [0x000000000425ad60, 0x000000000425aef0]
Event: 113.297 Thread 0x0000000016e93800 10142   !   2       java.io.ObjectStreamClass::newInstance (37 bytes)
Event: 113.297 Thread 0x0000000016e93800 nmethod 10142 0x000000000425af90 code [0x000000000425b120, 0x000000000425b468]
Event: 113.304 Thread 0x0000000016e93800 10143       2       org.gradle.internal.service.DefaultServiceRegistry$OwnServices::getFactory (260 bytes)
Event: 113.306 Thread 0x0000000016e93800 nmethod 10143 0x000000000425b650 code [0x000000000425b960, 0x000000000425c778]
Event: 113.318 Thread 0x0000000016e93800 10144       2       java.security.AccessControlContext::combine (205 bytes)
Event: 113.319 Thread 0x0000000016e93800 nmethod 10144 0x000000000425d450 code [0x000000000425d600, 0x000000000425dc78]
Event: 113.378 Thread 0x0000000016e89000 nmethod 9960 0x0000000004264c10 code [0x00000000042650a0, 0x0000000004268dc8]
Event: 113.379 Thread 0x0000000016e89000 10134       4       org.gradle.api.internal.file.pattern.PatternMatcherFactory::compile (121 bytes)

GC Heap History (10 events):
Event: 58.237 GC heap before
{Heap before GC invocations=18 (full 3):
 PSYoungGen      total 205824K, used 205800K [0x00000000eab00000, 0x00000000fae00000, 0x0000000100000000)
  eden space 178176K, 100% used [0x00000000eab00000,0x00000000f5900000,0x00000000f5900000)
  from space 27648K, 99% used [0x00000000f7c80000,0x00000000f977a298,0x00000000f9780000)
  to   space 36352K, 0% used [0x00000000f5900000,0x00000000f5900000,0x00000000f7c80000)
 ParOldGen       total 112640K, used 52563K [0x00000000c0000000, 0x00000000c6e00000, 0x00000000eab00000)
  object space 112640K, 46% used [0x00000000c0000000,0x00000000c3354f38,0x00000000c6e00000)
 Metaspace       used 65438K, capacity 69643K, committed 69760K, reserved 1107968K
  class space    used 9068K, capacity 10583K, committed 10624K, reserved 1048576K
Event: 58.265 GC heap after
Heap after GC invocations=18 (full 3):
 PSYoungGen      total 214528K, used 36333K [0x00000000eab00000, 0x00000000fcf00000, 0x0000000100000000)
  eden space 178176K, 0% used [0x00000000eab00000,0x00000000eab00000,0x00000000f5900000)
  from space 36352K, 99% used [0x00000000f5900000,0x00000000f7c7b648,0x00000000f7c80000)
  to   space 44032K, 0% used [0x00000000fa400000,0x00000000fa400000,0x00000000fcf00000)
 ParOldGen       total 112640K, used 56852K [0x00000000c0000000, 0x00000000c6e00000, 0x00000000eab00000)
  object space 112640K, 50% used [0x00000000c0000000,0x00000000c37852c0,0x00000000c6e00000)
 Metaspace       used 65438K, capacity 69643K, committed 69760K, reserved 1107968K
  class space    used 9068K, capacity 10583K, committed 10624K, reserved 1048576K
}
Event: 58.272 GC heap before
{Heap before GC invocations=19 (full 3):
 PSYoungGen      total 214528K, used 40997K [0x00000000eab00000, 0x00000000fcf00000, 0x0000000100000000)
  eden space 178176K, 2% used [0x00000000eab00000,0x00000000eaf8de80,0x00000000f5900000)
  from space 36352K, 99% used [0x00000000f5900000,0x00000000f7c7b648,0x00000000f7c80000)
  to   space 44032K, 0% used [0x00000000fa400000,0x00000000fa400000,0x00000000fcf00000)
 ParOldGen       total 112640K, used 56852K [0x00000000c0000000, 0x00000000c6e00000, 0x00000000eab00000)
  object space 112640K, 50% used [0x00000000c0000000,0x00000000c37852c0,0x00000000c6e00000)
 Metaspace       used 65532K, capacity 69739K, committed 69760K, reserved 1107968K
  class space    used 9078K, capacity 10615K, committed 10624K, reserved 1048576K
Event: 58.296 GC heap after
Heap after GC invocations=19 (full 3):
 PSYoungGen      total 250880K, used 36403K [0x00000000eab00000, 0x0000000100000000, 0x0000000100000000)
  eden space 206848K, 0% used [0x00000000eab00000,0x00000000eab00000,0x00000000f7500000)
  from space 44032K, 82% used [0x00000000fa400000,0x00000000fc78cc30,0x00000000fcf00000)
  to   space 48128K, 0% used [0x00000000f7500000,0x00000000f7500000,0x00000000fa400000)
 ParOldGen       total 112640K, used 56860K [0x00000000c0000000, 0x00000000c6e00000, 0x00000000eab00000)
  object space 112640K, 50% used [0x00000000c0000000,0x00000000c37872c0,0x00000000c6e00000)
 Metaspace       used 65532K, capacity 69739K, committed 69760K, reserved 1107968K
  class space    used 9078K, capacity 10615K, committed 10624K, reserved 1048576K
}
Event: 58.296 GC heap before
{Heap before GC invocations=20 (full 4):
 PSYoungGen      total 250880K, used 36403K [0x00000000eab00000, 0x0000000100000000, 0x0000000100000000)
  eden space 206848K, 0% used [0x00000000eab00000,0x00000000eab00000,0x00000000f7500000)
  from space 44032K, 82% used [0x00000000fa400000,0x00000000fc78cc30,0x00000000fcf00000)
  to   space 48128K, 0% used [0x00000000f7500000,0x00000000f7500000,0x00000000fa400000)
 ParOldGen       total 112640K, used 56860K [0x00000000c0000000, 0x00000000c6e00000, 0x00000000eab00000)
  object space 112640K, 50% used [0x00000000c0000000,0x00000000c37872c0,0x00000000c6e00000)
 Metaspace       used 65532K, capacity 69739K, committed 69760K, reserved 1107968K
  class space    used 9078K, capacity 10615K, committed 10624K, reserved 1048576K
Event: 58.436 GC heap after
Heap after GC invocations=20 (full 4):
 PSYoungGen      total 250880K, used 0K [0x00000000eab00000, 0x0000000100000000, 0x0000000100000000)
  eden space 206848K, 0% used [0x00000000eab00000,0x00000000eab00000,0x00000000f7500000)
  from space 44032K, 0% used [0x00000000fa400000,0x00000000fa400000,0x00000000fcf00000)
  to   space 48128K, 0% used [0x00000000f7500000,0x00000000f7500000,0x00000000fa400000)
 ParOldGen       total 176128K, used 82692K [0x00000000c0000000, 0x00000000cac00000, 0x00000000eab00000)
  object space 176128K, 46% used [0x00000000c0000000,0x00000000c50c11f0,0x00000000cac00000)
 Metaspace       used 65465K, capacity 69511K, committed 69760K, reserved 1107968K
  class space    used 9062K, capacity 10547K, committed 10624K, reserved 1048576K
}
Event: 109.668 GC heap before
{Heap before GC invocations=21 (full 4):
 PSYoungGen      total 250880K, used 206848K [0x00000000eab00000, 0x0000000100000000, 0x0000000100000000)
  eden space 206848K, 100% used [0x00000000eab00000,0x00000000f7500000,0x00000000f7500000)
  from space 44032K, 0% used [0x00000000fa400000,0x00000000fa400000,0x00000000fcf00000)
  to   space 48128K, 0% used [0x00000000f7500000,0x00000000f7500000,0x00000000fa400000)
 ParOldGen       total 176128K, used 82692K [0x00000000c0000000, 0x00000000cac00000, 0x00000000eab00000)
  object space 176128K, 46% used [0x00000000c0000000,0x00000000c50c11f0,0x00000000cac00000)
 Metaspace       used 69946K, capacity 74702K, committed 75008K, reserved 1112064K
  class space    used 9781K, capacity 11458K, committed 11520K, reserved 1048576K
Event: 109.680 GC heap after
Heap after GC invocations=21 (full 4):
 PSYoungGen      total 254976K, used 19572K [0x00000000eab00000, 0x00000000fff00000, 0x0000000100000000)
  eden space 206848K, 0% used [0x00000000eab00000,0x00000000eab00000,0x00000000f7500000)
  from space 48128K, 40% used [0x00000000f7500000,0x00000000f881d3f8,0x00000000fa400000)
  to   space 45568K, 0% used [0x00000000fd280000,0x00000000fd280000,0x00000000fff00000)
 ParOldGen       total 176128K, used 82700K [0x00000000c0000000, 0x00000000cac00000, 0x00000000eab00000)
  object space 176128K, 46% used [0x00000000c0000000,0x00000000c50c31f0,0x00000000cac00000)
 Metaspace       used 69946K, capacity 74702K, committed 75008K, reserved 1112064K
  class space    used 9781K, capacity 11458K, committed 11520K, reserved 1048576K
}
Event: 111.901 GC heap before
{Heap before GC invocations=22 (full 4):
 PSYoungGen      total 254976K, used 226420K [0x00000000eab00000, 0x00000000fff00000, 0x0000000100000000)
  eden space 206848K, 100% used [0x00000000eab00000,0x00000000f7500000,0x00000000f7500000)
  from space 48128K, 40% used [0x00000000f7500000,0x00000000f881d3f8,0x00000000fa400000)
  to   space 45568K, 0% used [0x00000000fd280000,0x00000000fd280000,0x00000000fff00000)
 ParOldGen       total 176128K, used 82700K [0x00000000c0000000, 0x00000000cac00000, 0x00000000eab00000)
  object space 176128K, 46% used [0x00000000c0000000,0x00000000c50c31f0,0x00000000cac00000)
 Metaspace       used 77654K, capacity 83129K, committed 83328K, reserved 1120256K
  class space    used 10967K, capacity 12901K, committed 12928K, reserved 1048576K
Event: 111.928 GC heap after
Heap after GC invocations=22 (full 4):
 PSYoungGen      total 293376K, used 41051K [0x00000000eab00000, 0x0000000100000000, 0x0000000100000000)
  eden space 247808K, 0% used [0x00000000eab00000,0x00000000eab00000,0x00000000f9d00000)
  from space 45568K, 90% used [0x00000000fd280000,0x00000000ffa96fe8,0x00000000fff00000)
  to   space 50688K, 0% used [0x00000000f9d00000,0x00000000f9d00000,0x00000000fce80000)
 ParOldGen       total 176128K, used 82708K [0x00000000c0000000, 0x00000000cac00000, 0x00000000eab00000)
  object space 176128K, 46% used [0x00000000c0000000,0x00000000c50c51f0,0x00000000cac00000)
 Metaspace       used 77654K, capacity 83129K, committed 83328K, reserved 1120256K
  class space    used 10967K, capacity 12901K, committed 12928K, reserved 1048576K
}

Deoptimization events (10 events):
Event: 112.277 Thread 0x0000000018738000 Uncommon trap: reason=class_check action=maybe_recompile pc=0x0000000002f9cb54 method=java.util.AbstractList$Itr.hasNext()Z @ 8
Event: 112.277 Thread 0x0000000018738000 Uncommon trap: reason=class_check action=maybe_recompile pc=0x0000000003508b84 method=java.util.AbstractList$Itr.next()Ljava/lang/Object; @ 14
Event: 112.277 Thread 0x0000000018738000 Uncommon trap: reason=class_check action=maybe_recompile pc=0x0000000002f9cb54 method=java.util.AbstractList$Itr.hasNext()Z @ 8
Event: 112.277 Thread 0x0000000018738000 Uncommon trap: reason=class_check action=maybe_recompile pc=0x0000000003508b84 method=java.util.AbstractList$Itr.next()Ljava/lang/Object; @ 14
Event: 112.285 Thread 0x0000000018738000 Uncommon trap: reason=bimorphic action=maybe_recompile pc=0x0000000002d6b21c method=java.util.Hashtable.addEntry(ILjava/lang/Object;Ljava/lang/Object;I)V @ 38
Event: 113.008 Thread 0x0000000018738000 Uncommon trap: reason=unreached action=reinterpret pc=0x0000000002e747a4 method=com.sun.org.apache.xerces.internal.dom.ParentNode.nodeListItem(I)Lorg/w3c/dom/Node; @ 15
Event: 113.063 Thread 0x0000000018738000 Uncommon trap: reason=bimorphic action=maybe_recompile pc=0x0000000003c731f4 method=com.sun.org.apache.xerces.internal.impl.XMLDocumentFragmentScannerImpl.scanDocument(Z)Z @ 147
Event: 113.065 Thread 0x0000000018738000 Uncommon trap: reason=bimorphic action=maybe_recompile pc=0x0000000003c731f4 method=com.sun.org.apache.xerces.internal.impl.XMLDocumentFragmentScannerImpl.scanDocument(Z)Z @ 147
Event: 113.066 Thread 0x0000000018738000 Uncommon trap: reason=bimorphic action=maybe_recompile pc=0x0000000003c731f4 method=com.sun.org.apache.xerces.internal.impl.XMLDocumentFragmentScannerImpl.scanDocument(Z)Z @ 147
Event: 113.068 Thread 0x0000000018738000 Uncommon trap: reason=unreached action=reinterpret pc=0x0000000002e39f64 method=com.sun.org.apache.xerces.internal.dom.ParentNode.nodeListItem(I)Lorg/w3c/dom/Node; @ 15

Internal exceptions (10 events):
Event: 112.861 Thread 0x0000000018738000 Exception <a 'java/security/PrivilegedActionException'> (0x00000000f0b81188) thrown at [D:\re\workspace\8-2-build-windows-amd64-cygwin\jdk8u25\1677\hotspot\src\share\vm\prims\jvm.cpp, line 1312]
Event: 112.861 Thread 0x0000000018738000 Exception <a 'java/security/PrivilegedActionException'> (0x00000000f0b8feb0) thrown at [D:\re\workspace\8-2-build-windows-amd64-cygwin\jdk8u25\1677\hotspot\src\share\vm\prims\jvm.cpp, line 1312]
Event: 112.862 Thread 0x0000000018738000 Exception <a 'java/security/PrivilegedActionException'> (0x00000000f0b96690) thrown at [D:\re\workspace\8-2-build-windows-amd64-cygwin\jdk8u25\1677\hotspot\src\share\vm\prims\jvm.cpp, line 1312]
Event: 112.862 Thread 0x0000000018738000 Exception <a 'java/security/PrivilegedActionException'> (0x00000000f0ba4528) thrown at [D:\re\workspace\8-2-build-windows-amd64-cygwin\jdk8u25\1677\hotspot\src\share\vm\prims\jvm.cpp, line 1312]
Event: 112.862 Thread 0x0000000018738000 Exception <a 'java/security/PrivilegedActionException'> (0x00000000f0baad38) thrown at [D:\re\workspace\8-2-build-windows-amd64-cygwin\jdk8u25\1677\hotspot\src\share\vm\prims\jvm.cpp, line 1312]
Event: 112.863 Thread 0x0000000018738000 Exception <a 'java/security/PrivilegedActionException'> (0x00000000f0bb30b0) thrown at [D:\re\workspace\8-2-build-windows-amd64-cygwin\jdk8u25\1677\hotspot\src\share\vm\prims\jvm.cpp, line 1312]
Event: 112.865 Thread 0x0000000018738000 Exception <a 'java/security/PrivilegedActionException'> (0x00000000f0c01df0) thrown at [D:\re\workspace\8-2-build-windows-amd64-cygwin\jdk8u25\1677\hotspot\src\share\vm\prims\jvm.cpp, line 1312]
Event: 112.867 Thread 0x0000000018738000 Exception <a 'java/security/PrivilegedActionException'> (0x00000000f0c564b8) thrown at [D:\re\workspace\8-2-build-windows-amd64-cygwin\jdk8u25\1677\hotspot\src\share\vm\prims\jvm.cpp, line 1312]
Event: 113.067 Thread 0x0000000018738000 Exception <a 'java/security/PrivilegedActionException'> (0x00000000f17390d8) thrown at [D:\re\workspace\8-2-build-windows-amd64-cygwin\jdk8u25\1677\hotspot\src\share\vm\prims\jvm.cpp, line 1312]
Event: 113.164 Thread 0x0000000018738000 Exception <a 'java/security/PrivilegedActionException'> (0x00000000f2d8ddb8) thrown at [D:\re\workspace\8-2-build-windows-amd64-cygwin\jdk8u25\1677\hotspot\src\share\vm\prims\jvm.cpp, line 1312]

Events (10 events):
Event: 113.164 loading class org/objectweb/asm/Type
Event: 113.164 loading class org/objectweb/asm/Type done
Event: 113.166 loading class java/util/ArrayDeque$DeqIterator
Event: 113.167 loading class java/util/ArrayDeque$DeqIterator done
Event: 113.264 Thread 0x0000000018738000 DEOPT PACKING pc=0x000000000378b005 sp=0x0000000019dabe20
Event: 113.264 Thread 0x0000000018738000 DEOPT UNPACKING pc=0x00000000023b75bf sp=0x0000000019dabb38 mode 0
Event: 113.268 loading class java/net/URLEncoder
Event: 113.268 loading class java/net/URLEncoder done
Event: 113.318 Thread 0x000000001bfc5800 Thread added: 0x000000001bfc5800
Event: 113.318 Thread 0x000000001bfbe800 Thread added: 0x000000001bfbe800


Dynamic libraries:
0x00007ff609650000 - 0x00007ff609684000 	C:\Program Files\Java\jdk1.8.0_25\bin\java.exe
0x00007ff8d6280000 - 0x00007ff8d6441000 	C:\WINDOWS\SYSTEM32\ntdll.dll
0x00007ff8d5f70000 - 0x00007ff8d601d000 	C:\WINDOWS\system32\KERNEL32.DLL
0x00007ff8d3400000 - 0x00007ff8d35e8000 	C:\WINDOWS\system32\KERNELBASE.dll
0x00007ff8d61d0000 - 0x00007ff8d6277000 	C:\WINDOWS\system32\ADVAPI32.dll
0x00007ff8d36e0000 - 0x00007ff8d377d000 	C:\WINDOWS\system32\msvcrt.dll
0x00007ff8d3780000 - 0x00007ff8d37db000 	C:\WINDOWS\system32\sechost.dll
0x00007ff8d5a30000 - 0x00007ff8d5b4c000 	C:\WINDOWS\system32\RPCRT4.dll
0x00007ff8d5730000 - 0x00007ff8d5886000 	C:\WINDOWS\system32\USER32.dll
0x00007ff8d37e0000 - 0x00007ff8d3966000 	C:\WINDOWS\system32\GDI32.dll
0x00007ff8cc0e0000 - 0x00007ff8cc354000 	C:\WINDOWS\WinSxS\amd64_microsoft.windows.common-controls_6595b64144ccf1df_6.0.10586.0_none_8c15ae12515e1c22\COMCTL32.dll
0x00007ff8d5cf0000 - 0x00007ff8d5f6d000 	C:\WINDOWS\system32\combase.dll
0x00007ff8d35f0000 - 0x00007ff8d365a000 	C:\WINDOWS\system32\bcryptPrimitives.dll
0x00007ff8d36a0000 - 0x00007ff8d36db000 	C:\WINDOWS\system32\IMM32.DLL
0x0000000063a40000 - 0x0000000063b12000 	C:\Program Files\Java\jdk1.8.0_25\jre\bin\msvcr100.dll
0x0000000064060000 - 0x00000000648ba000 	C:\Program Files\Java\jdk1.8.0_25\jre\bin\server\jvm.dll
0x00007ff8d3690000 - 0x00007ff8d3698000 	C:\WINDOWS\system32\PSAPI.DLL
0x00007ff8d1050000 - 0x00007ff8d1073000 	C:\WINDOWS\SYSTEM32\WINMM.dll
0x00007ff8ca010000 - 0x00007ff8ca019000 	C:\WINDOWS\SYSTEM32\WSOCK32.dll
0x00007ff8d5b70000 - 0x00007ff8d5bdb000 	C:\WINDOWS\system32\WS2_32.dll
0x00007ff8d0ff0000 - 0x00007ff8d101c000 	C:\WINDOWS\SYSTEM32\winmmbase.dll
0x00007ff8d2c10000 - 0x00007ff8d2c53000 	C:\WINDOWS\system32\cfgmgr32.dll
0x0000000064050000 - 0x000000006405f000 	C:\Program Files\Java\jdk1.8.0_25\jre\bin\verify.dll
0x0000000064020000 - 0x0000000064048000 	C:\Program Files\Java\jdk1.8.0_25\jre\bin\java.dll
0x0000000064000000 - 0x0000000064016000 	C:\Program Files\Java\jdk1.8.0_25\jre\bin\zip.dll
0x00007ff8d3980000 - 0x00007ff8d4edf000 	C:\WINDOWS\system32\SHELL32.dll
0x00007ff8d2c60000 - 0x00007ff8d32a4000 	C:\WINDOWS\system32\windows.storage.dll
0x00007ff8d50e0000 - 0x00007ff8d5132000 	C:\WINDOWS\system32\shlwapi.dll
0x00007ff8d2920000 - 0x00007ff8d292f000 	C:\WINDOWS\system32\kernel.appcore.dll
0x00007ff8d32b0000 - 0x00007ff8d3365000 	C:\WINDOWS\system32\shcore.dll
0x00007ff8d28d0000 - 0x00007ff8d291b000 	C:\WINDOWS\system32\powrprof.dll
0x00007ff8d28a0000 - 0x00007ff8d28b4000 	C:\WINDOWS\system32\profapi.dll
0x00007ff8d2280000 - 0x00007ff8d2297000 	C:\WINDOWS\SYSTEM32\CRYPTSP.dll
0x00007ff8d1f10000 - 0x00007ff8d1f44000 	C:\WINDOWS\system32\rsaenh.dll
0x00007ff8d27d0000 - 0x00007ff8d27f9000 	C:\WINDOWS\SYSTEM32\bcrypt.dll
0x00007ff8d2060000 - 0x00007ff8d207f000 	C:\WINDOWS\SYSTEM32\USERENV.dll
0x00007ff8d23a0000 - 0x00007ff8d23ab000 	C:\WINDOWS\SYSTEM32\CRYPTBASE.dll
0x0000000063df0000 - 0x0000000063e0a000 	C:\Program Files\Java\jdk1.8.0_25\jre\bin\net.dll
0x00007ff8d21d0000 - 0x00007ff8d222c000 	C:\WINDOWS\system32\mswsock.dll
0x00007ff8cf7d0000 - 0x00007ff8cf808000 	C:\WINDOWS\SYSTEM32\IPHLPAPI.DLL
0x00007ff8d3970000 - 0x00007ff8d3978000 	C:\WINDOWS\system32\NSI.dll
0x00007ff8ce610000 - 0x00007ff8ce626000 	C:\WINDOWS\SYSTEM32\dhcpcsvc6.DLL
0x00007ff8ce560000 - 0x00007ff8ce57a000 	C:\WINDOWS\SYSTEM32\dhcpcsvc.DLL
0x0000000063dd0000 - 0x0000000063de1000 	C:\Program Files\Java\jdk1.8.0_25\jre\bin\nio.dll
0x00007ff8c56b0000 - 0x00007ff8c56c2000 	C:\Users\mliew\AppData\Local\Temp\native-platform4394802378270584403dir\native-platform.dll
0x00007ff8bd410000 - 0x00007ff8bd59c000 	C:\WINDOWS\SYSTEM32\dbghelp.dll

VM Arguments:
jvm_args: -XX:MaxPermSize=256m -XX:+HeapDumpOnOutOfMemoryError -Xmx1024m -Dfile.encoding=windows-1252 -Duser.country=US -Duser.language=en -Duser.variant 
java_command: org.gradle.launcher.daemon.bootstrap.GradleDaemon 2.2.1 C:\Users\mliew\.gradle\daemon 10800000 a3801809-e158-4870-a019-95ed8aae0ef0 -XX:MaxPermSize=256m -XX:+HeapDumpOnOutOfMemoryError -Xmx1024m -Dfile.encoding=windows-1252 -Duser.country=US -Duser.language=en -Duser.variant
java_class_path (initial): C:\Program Files\Android\Android Studio\gradle\gradle-2.2.1\lib\gradle-launcher-2.2.1.jar
Launcher Type: SUN_STANDARD

Environment Variables:
JAVA_HOME=C:\Program Files\Java\jdk1.8.0_25\
PATH=C:\WINDOWS\System32\Wbem;C:\WINDOWS;C:\WINDOWS\system32;C:\Program Files (x86)\iis express\PHP\v5.4;C:\ProgramData\Oracle\Java\javapath;C:\Program Files\Java\jdk1.8.0_25\bin;C:\Program Files (x86)\Intel\iCLS Client\;C:\Program Files\Intel\iCLS Client\;C:\Windows\system32;C:\Windows;C:\Windows\System32\Wbem;C:\Windows\System32\WindowsPowerShell\v1.0\;C:\Program Files\Intel\Intel(R) Management Engine Components\DAL;C:\Program Files (x86)\Intel\Intel(R) Management Engine Components\DAL;C:\Program Files\Intel\Intel(R) Management Engine Components\IPT;C:\Program Files (x86)\Intel\Intel(R) Management Engine Components\IPT;C:\Program Files (x86)\ATI Technologies\ATI.ACE\Core-Static;C:\Program Files (x86)\AMD\ATI.ACE\Core-Static;C:\Program Files\nodejs\;C:\Program Files (x86)\Heroku\bin;C:\Program Files (x86)\git\cmd;C:\Program Files (x86)\Git\cmd;C:\Program Files\Microsoft SQL Server\110\Tools\Binn\;C:\Program Files\Microsoft SQL Server\120\Tools\Binn\;C:\Program Files (x86)\Windows Kits\8.1\Windows Performance Toolkit\;C:\Program Files (x86)\Microsoft SDKs\TypeScript\1.;C:\Program Files\MySQL\MySQL Server 5.1\bin;C:\ProgramData\ComposerSetup\bin;C:\Windows\Microsoft.NET\Framework\v4.0.30319;C:\Program Files (x86)\Microsoft Visual Studio 12.0\Common7\IDE;C:\Program Files (x86)\Skype\Phone\;C:\WINDOWS\System32\WindowsPowerShell\v1.0\;C:\Program Files (x86)\Java\jdk1.8.0_65\bin
USERNAME=mliew
OS=Windows_NT
PROCESSOR_IDENTIFIER=Intel64 Family 6 Model 60 Stepping 3, GenuineIntel



---------------  S Y S T E M  ---------------

OS: Windows 8.1 , 64 bit Build 9600 

CPU:total 8 (4 cores per cpu, 2 threads per core) family 6 model 60 stepping 3, cmov, cx8, fxsr, mmx, sse, sse2, sse3, ssse3, sse4.1, sse4.2, popcnt, avx, avx2, aes, clmul, erms, lzcnt, ht, tsc, tscinvbit, bmi1, bmi2

Memory: 4k page, physical 8322064k(1010728k free), swap 13121052k(1124k free)

vm_info: Java HotSpot(TM) 64-Bit Server VM (25.25-b02) for windows-amd64 JRE (1.8.0_25-b18), built on Oct  7 2014 14:25:37 by "java_re" with MS VC++ 10.0 (VS2010)

time: Wed Jan 20 14:27:52 2016
elapsed time: 113 seconds (0d 0h 1m 53s)

